<?xml version="1.0" encoding="UTF-8"?>
<!-- Generated by org.testng.reporters.JUnitReportReporter -->
<testsuite skipped="0" hostname="EC2AMAZ-J5GP1U8" name="com.guru99.tests.LoginPageTests" tests="1" failures="0" timestamp="2021-01-27T06:40:07 UTC" time="10.257" errors="0">
  <testcase name="verifyLogin" time="10.257" classname="com.guru99.tests.LoginPageTests"/>
  <system-out/>
</testsuite> <!-- com.guru99.tests.LoginPageTests -->
