<?xml version="1.0" encoding="UTF-8"?>
<!-- Generated by org.testng.reporters.JUnitReportReporter -->
<testsuite skipped="0" hostname="EC2AMAZ-J5GP1U8" name="com.guru99.tests.LoginPageTests" tests="1" failures="0" timestamp="2021-10-15T10:12:43 UTC" time="7.781" errors="0">
  <testcase name="verifyLogin" time="7.781" classname="com.guru99.tests.LoginPageTests"/>
  <system-out/>
</testsuite> <!-- com.guru99.tests.LoginPageTests -->
